app/build/outputs/mapping/release/seeds.txt
com.lifemarker.MainActivity
com.lifemarker.data.local.AppDatabase_Impl
com.lifemarker.data.local.AppDatabase
com.lifemarker.LifeMarkerApp
com.lifemarker.LifeMarkerApp_GeneratedInjector
com.lifemarker.MainActivity_GeneratedInjector
com.lifemarker.data.local.AppDatabase: AppDatabase()
com.lifemarker.MainActivity: MainActivity()
com.lifemarker.data.local.AppDatabase_Impl: AppDatabase_Impl()
com.lifemarker.LifeMarkerApp: LifeMarkerApp()
...
androidx.core.os.BundleApi21ImplKt: void putSizeF(android.os.Bundle,java.lang.String,android.util.SizeF)
androidx.core.app.NotificationCompatBuilder$Api19Impl: android.app.Notification$Builder setExtras(android.app.Notification$Builder,android.os.Bundle)
com.google.api.services.drive.Drive$Changes$GetStartPageToken: com.google.api.client.http.HttpResponse executeUsingHead()
com.google.api.services.drive.Drive$Permissions$Create: com.google.api.services.drive.Drive$Permissions$Create setFields(java.lang.String)
com.google.api.client.http.HttpRequest: com.google.api.client.util.ObjectParser getParser()
com.google.api.services.drive.Drive$Drives$Hide: com.google.api.services.drive.DriveRequest set(java.lang.String,java.lang.Object)
androidx.core.view.WindowInsetsCompat$BuilderImpl29: WindowInsetsCompat$BuilderImpl29()
com.google.api.client.googleapis.auth.oauth2.GoogleAuthorizationCodeFlow$Builder: com.google.api.client.googleapis.auth.oauth2.GoogleAuthorizationCodeFlow$Builder addRefreshListener(com.google.api.client.auth.oauth2.CredentialRefreshListener)
com.google.api.client.testing.http.javanet.MockHttpURLConnection: java.io.OutputStream getOutputStream()
com.google.api.services.drive.Drive$Builder: com.google.api.services.drive.Drive$Builder setSuppressRequiredParameterChecks(boolean)
com.google.api.services.drive.model.LabelList: com.google.api.services.drive.model.LabelList setNextPageToken(java.lang.String)
com.google.api.services.drive.model.RevisionList: com.google.api.services.drive.model.RevisionList setKind(java.lang.String)
com.google.api.services.drive.Drive$Drives$Update: com.google.api.services.drive.Drive$Drives$Update setUserIp(java.lang.String)
com.google.api.client.auth.openidconnect.IdToken$Payload: com.google.api.client.json.webtoken.JsonWebToken$Payload setExpirationTimeSeconds(java.lang.Long)
com.google.api.client.http.apache.v2.ApacheHttpResponse: java.lang.String getHeaderName(int)
androidx.lifecycle.EmptyActivityLifecycleCallbacks: void onActivityCreated(android.app.Activity,android.os.Bundle)
com.google.api.client.util.store.AbstractDataStoreFactory: com.google.api.client.util.store.DataStore createDataStore(java.lang.String)
com.google.api.services.drive.Drive$Drives$List: com.google.api.services.drive.Drive$Drives$List setPageToken(java.lang.String)
com.google.api.client.auth.oauth2.AuthorizationCodeRequestUrl: com.google.api.client.auth.oauth2.AuthorizationRequestUrl setState(java.lang.String)
com.google.api.client.googleapis.auth.oauth2.GoogleAuthorizationCodeRequestUrl: com.google.api.client.auth.oauth2.AuthorizationCodeRequestUrl setClientId(java.lang.String)
androidx.appcompat.widget.AppCompatCheckBox: void setSupportButtonTintMode(android.graphics.PorterDuff$Mode)
com.google.api.client.googleapis.media.MediaHttpUploader: int getChunkSize()
com.google.api.client.auth.oauth2.AuthorizationRequestUrl: java.lang.String getRedirectUri()
com.google.api.client.http.ExponentialBackOffPolicy$Builder: ExponentialBackOffPolicy$Builder()
com.google.api.client.auth.oauth2.TokenRequest$1: TokenRequest$1(com.google.api.client.auth.oauth2.TokenRequest)
com.google.api.services.drive.model.Comment: java.lang.String getId()
com.google.api.client.auth.oauth2.BearerToken: com.google.api.client.auth.oauth2.Credential$AccessMethod queryParameterAccessMethod()
androidx.compose.ui.platform.ComposeView: java.lang.CharSequence getAccessibilityClassName()
com.google.api.services.drive.Drive$Replies$Delete: java.lang.String getCommentId()
com.google.api.services.drive.Drive$Drives$List: com.google.api.client.util.GenericData set(java.lang.String,java.lang.Object)
com.google.api.client.googleapis.testing.auth.oauth2.MockGoogleCredential: com.google.api.client.testing.http.MockHttpTransport newMockHttpTransportWithSampleTokenResponse()
com.google.api.client.http.HttpRequest: com.google.api.client.http.HttpRequest setResponseReturnRawInputStream(boolean)