app/build/outputs/mapping/release/usage.txt
com.lifemarker.BuildConfig
com.lifemarker.DaggerLifeMarkerApp_HiltComponents_SingletonC$ActivityCImpl$LazyClassKeyProvider:
    com.lifemarker.ui.categories.CategoryViewModel com_lifemarker_ui_categories_CategoryViewModel2
    com.lifemarker.ui.main.MainViewModel com_lifemarker_ui_main_MainViewModel2
    com.lifemarker.ui.settings.SettingsViewModel com_lifemarker_ui_settings_SettingsViewModel2
    private void <init>()
com.lifemarker.DaggerLifeMarkerApp_HiltComponents_SingletonC$ActivityCImpl:
    public dagger.hilt.android.internal.builders.FragmentComponentBuilder fragmentComponentBuilder()
    public dagger.hilt.android.internal.builders.ViewComponentBuilder viewComponentBuilder()
com.lifemarker.DaggerLifeMarkerApp_HiltComponents_SingletonC$FragmentCBuilder
com.lifemarker.DaggerLifeMarkerApp_HiltComponents_SingletonC$FragmentCImpl
com.lifemarker.DaggerLifeMarkerApp_HiltComponents_SingletonC$ServiceCBuilder
com.lifemarker.DaggerLifeMarkerApp_HiltComponents_SingletonC$ServiceCImpl
com.lifemarker.DaggerLifeMarkerApp_HiltComponents_SingletonC$SingletonCImpl:
    public java.util.Set getDisableFragmentGetContextFix()
    public dagger.hilt.android.internal.builders.ServiceComponentBuilder serviceComponentBuilder()
com.lifemarker.DaggerLifeMarkerApp_HiltComponents_SingletonC$ViewCBuilder
com.lifemarker.DaggerLifeMarkerApp_HiltComponents_SingletonC$ViewCImpl
com.lifemarker.DaggerLifeMarkerApp_HiltComponents_SingletonC$ViewModelCImpl$LazyClassKeyProvider:
    com.lifemarker.ui.categories.CategoryViewModel com_lifemarker_ui_categories_CategoryViewModel2
    com.lifemarker.ui.main.MainViewModel com_lifemarker_ui_main_MainViewModel2
    com.lifemarker.ui.settings.SettingsViewModel com_lifemarker_ui_settings_SettingsViewModel2
    private void <init>()
com.lifemarker.DaggerLifeMarkerApp_HiltComponents_SingletonC$ViewWithFragmentCBuilder
com.lifemarker.DaggerLifeMarkerApp_HiltComponents_SingletonC$ViewWithFragmentCImpl
com.lifemarker.DaggerLifeMarkerApp_HiltComponents_SingletonC:
    private void <init>()
com.lifemarker.Hilt_LifeMarkerApp:
    public synthetic bridge dagger.hilt.internal.GeneratedComponentManager componentManager()
com.lifemarker.Hilt_MainActivity:
    void <init>(int)
    public synthetic bridge dagger.hilt.internal.GeneratedComponentManager componentManager()
com.lifemarker.LifeMarkerApp:
    public static final int $stable
com.lifemarker.LifeMarkerApp_ComponentTreeDeps
com.lifemarker.LifeMarkerApp_HiltComponents$ActivityC$Builder
com.lifemarker.LifeMarkerApp_HiltComponents$ActivityCBuilderModule
com.lifemarker.LifeMarkerApp_HiltComponents$ActivityRetainedC$Builder
com.lifemarker.LifeMarkerApp_HiltComponents$ActivityRetainedCBuilderModule
com.lifemarker.LifeMarkerApp_HiltComponents$FragmentC$Builder
com.lifemarker.LifeMarkerApp_HiltComponents$FragmentC
com.lifemarker.LifeMarkerApp_HiltComponents$FragmentCBuilderModule
com.lifemarker.LifeMarkerApp_HiltComponents$ServiceC$Builder
com.lifemarker.LifeMarkerApp_HiltComponents$ServiceC
com.lifemarker.LifeMarkerApp_HiltComponents$ServiceCBuilderModule
com.lifemarker.LifeMarkerApp_HiltComponents$ViewC$Builder
com.lifemarker.LifeMarkerApp_HiltComponents$ViewC
com.lifemarker.LifeMarkerApp_HiltComponents$ViewCBuilderModule
com.lifemarker.LifeMarkerApp_HiltComponents$ViewModelC$Builder
com.lifemarker.LifeMarkerApp_HiltComponents$ViewModelCBuilderModule
com.lifemarker.LifeMarkerApp_HiltComponents$ViewWithFragmentC$Builder
com.lifemarker.LifeMarkerApp_HiltComponents$ViewWithFragmentC
com.lifemarker.LifeMarkerApp_HiltComponents$ViewWithFragmentCBuilderModule
com.lifemarker.LifeMarkerApp_HiltComponents
com.lifemarker.MainActivity:
    public static final int $stable
com.lifemarker.R$color
com.lifemarker.R$drawable
com.lifemarker.R$mipmap
com.lifemarker.R$string:
    public static int app_name
    public static int cat_eat
    public static int cat_pray
    public static int cat_toilet
    private void <init>()
com.lifemarker.R$style
com.lifemarker.R$xml
com.lifemarker.R
...
org.apache.http.message.BasicRequestLine:
    public final java.lang.String getMethod()
    public final org.apache.http.ProtocolVersion getProtocolVersion()
    public final java.lang.String getUri()
org.apache.http.message.BasicStatusLine:
    public static org.apache.http.ProtocolVersion getProtocolVersion()
    public static java.lang.String getReasonPhrase()
    public static int getStatusCode()
org.apache.http.message.BasicTokenIterator
org.apache.http.message.BufferedHeader:
    public final org.apache.http.util.CharArrayBuffer buffer
    public final java.lang.String name
    public final int valuePos
    public void <init>(org.apache.http.util.CharArrayBuffer)
    public final java.lang.Object clone()
    public static org.apache.http.util.CharArrayBuffer getBuffer()
    public final org.apache.http.message.BasicHeaderElement[] getElements()
    public final java.lang.String getName()
    public final java.lang.String getValue()
    public static int getValuePos()
    public final java.lang.String toString()
org.apache.http.message.HeaderGroup:
    public final void addHeader(org.apache.http.Header)
    public final void clear()
    public static boolean containsHeader()
    public final org.apache.http.Header[] getAllHeaders()
    public static org.apache.http.Header getFirstHeader()
    public static org.apache.http.Header[] getHeaders()
    public static org.apache.http.Header getLastHeader()
    public static org.apache.http.HeaderIterator iterator()
    public final org.apache.http.message.BasicListHeaderIterator iterator()
    public static void removeHeader()
    public final void setHeaders(org.apache.http.Header[])
org.apache.http.message.HeaderValueParser
org.apache.http.message.LineFormatter
org.apache.http.message.LineParser
org.apache.http.message.ParserCursor
org.apache.http.message.TokenParser
org.apache.http.params.AbstractHttpParams:
    public abstract long getLongParameter()
    public java.util.Set getNames()
    public abstract boolean isParameterFalse()
    public abstract boolean isParameterTrue()
    public final org.apache.http.params.AbstractHttpParams setBooleanParameter(java.lang.String,boolean)
    public final org.apache.http.params.AbstractHttpParams setIntParameter(java.lang.String,int)
    public abstract org.apache.http.params.HttpParams setLongParameter()
org.apache.http.params.BasicHttpParams:
    public final org.apache.http.params.HttpParams copy()
    public static void copyParams()
    public final java.util.Set getNames()
org.apache.http.params.HttpConnectionParams
org.apache.http.params.HttpParamConfig
org.apache.http.params.HttpParams:
    public abstract org.apache.http.params.HttpParams copy()
    public abstract boolean getBooleanParameter(java.lang.String,boolean)
    public abstract int getIntParameter(java.lang.String,int)
    public abstract long getLongParameter()
    public abstract boolean isParameterFalse()
    public abstract boolean isParameterTrue()
    public abstract org.apache.http.params.AbstractHttpParams setBooleanParameter(java.lang.String,boolean)
    public abstract org.apache.http.params.AbstractHttpParams setIntParameter(java.lang.String,int)
    public abstract org.apache.http.params.HttpParams setLongParameter()
org.apache.http.params.HttpParamsNames
org.apache.http.params.HttpProtocolParams
org.apache.http.pool.AbstractConnPool$1
org.apache.http.pool.AbstractConnPool$2
org.apache.http.pool.AbstractConnPool$3
org.apache.http.pool.AbstractConnPool$4
org.apache.http.pool.AbstractConnPool
org.apache.http.pool.ConnFactory
org.apache.http.pool.PoolEntry
org.apache.http.pool.PoolEntryCallback
org.apache.http.pool.PoolStats
org.apache.http.pool.RouteSpecificPool
org.apache.http.protocol.BasicHttpContext:
    public final org.apache.http.protocol.HttpContext parentContext
    public final java.lang.Object getAttribute(java.lang.String)